13-Nov-2017 10:05:52.292 INFO [main] org.apache.catalina.startup.VersionLoggerListener.log Server version:        Apache Tomcat/8.0.35
13-Nov-2017 10:05:52.295 INFO [main] org.apache.catalina.startup.VersionLoggerListener.log Server built:          May 11 2016 21:57:08 UTC
13-Nov-2017 10:05:52.295 INFO [main] org.apache.catalina.startup.VersionLoggerListener.log Server number:         8.0.35.0
13-Nov-2017 10:05:52.295 INFO [main] org.apache.catalina.startup.VersionLoggerListener.log OS Name:               Mac OS X
13-Nov-2017 10:05:52.295 INFO [main] org.apache.catalina.startup.VersionLoggerListener.log OS Version:            10.13.1
13-Nov-2017 10:05:52.295 INFO [main] org.apache.catalina.startup.VersionLoggerListener.log Architecture:          x86_64
13-Nov-2017 10:05:52.295 INFO [main] org.apache.catalina.startup.VersionLoggerListener.log Java Home:             /Library/Java/JavaVirtualMachines/jdk1.8.0_25.jdk/Contents/Home/jre
13-Nov-2017 10:05:52.296 INFO [main] org.apache.catalina.startup.VersionLoggerListener.log JVM Version:           1.8.0_25-b17
13-Nov-2017 10:05:52.296 INFO [main] org.apache.catalina.startup.VersionLoggerListener.log JVM Vendor:            Oracle Corporation
13-Nov-2017 10:05:52.296 INFO [main] org.apache.catalina.startup.VersionLoggerListener.log CATALINA_BASE:         /Users/cb-vaibhav/Vai/MyHome/workme/repos/advent/tomcat
13-Nov-2017 10:05:52.296 INFO [main] org.apache.catalina.startup.VersionLoggerListener.log CATALINA_HOME:         /Users/cb-vaibhav/Vai/MyHome/workme/repos/advent/tomcat
13-Nov-2017 10:05:52.297 INFO [main] org.apache.catalina.startup.VersionLoggerListener.log Command line argument: -Djava.util.logging.config.file=/Users/cb-vaibhav/Vai/MyHome/workme/repos/advent/tomcat/conf/logging.properties
13-Nov-2017 10:05:52.297 INFO [main] org.apache.catalina.startup.VersionLoggerListener.log Command line argument: -Djava.util.logging.manager=org.apache.juli.ClassLoaderLogManager
13-Nov-2017 10:05:52.297 INFO [main] org.apache.catalina.startup.VersionLoggerListener.log Command line argument: -Djdk.tls.ephemeralDHKeySize=2048
13-Nov-2017 10:05:52.297 INFO [main] org.apache.catalina.startup.VersionLoggerListener.log Command line argument: -Djava.endorsed.dirs=/Users/cb-vaibhav/Vai/MyHome/workme/repos/advent/tomcat/endorsed
13-Nov-2017 10:05:52.298 INFO [main] org.apache.catalina.startup.VersionLoggerListener.log Command line argument: -Dcatalina.base=/Users/cb-vaibhav/Vai/MyHome/workme/repos/advent/tomcat
13-Nov-2017 10:05:52.298 INFO [main] org.apache.catalina.startup.VersionLoggerListener.log Command line argument: -Dcatalina.home=/Users/cb-vaibhav/Vai/MyHome/workme/repos/advent/tomcat
13-Nov-2017 10:05:52.298 INFO [main] org.apache.catalina.startup.VersionLoggerListener.log Command line argument: -Djava.io.tmpdir=/Users/cb-vaibhav/Vai/MyHome/workme/repos/advent/tomcat/temp
13-Nov-2017 10:05:52.298 INFO [main] org.apache.catalina.core.AprLifecycleListener.lifecycleEvent The APR based Apache Tomcat Native library which allows optimal performance in production environments was not found on the java.library.path: /Users/cb-vaibhav/Library/Java/Extensions:/Library/Java/Extensions:/Network/Library/Java/Extensions:/System/Library/Java/Extensions:/usr/lib/java:.
13-Nov-2017 10:05:52.469 INFO [main] org.apache.coyote.AbstractProtocol.init Initializing ProtocolHandler ["http-nio-8080"]
13-Nov-2017 10:05:52.502 INFO [main] org.apache.tomcat.util.net.NioSelectorPool.getSharedSelector Using a shared selector for servlet write/read
13-Nov-2017 10:05:52.506 INFO [main] org.apache.coyote.AbstractProtocol.init Initializing ProtocolHandler ["ajp-nio-8009"]
13-Nov-2017 10:05:52.508 INFO [main] org.apache.tomcat.util.net.NioSelectorPool.getSharedSelector Using a shared selector for servlet write/read
13-Nov-2017 10:05:52.508 INFO [main] org.apache.catalina.startup.Catalina.load Initialization processed in 652 ms
13-Nov-2017 10:05:52.533 INFO [main] org.apache.catalina.core.StandardService.startInternal Starting service Catalina
13-Nov-2017 10:05:52.533 INFO [main] org.apache.catalina.core.StandardEngine.startInternal Starting Servlet Engine: Apache Tomcat/8.0.35
13-Nov-2017 10:05:52.541 INFO [localhost-startStop-1] org.apache.catalina.startup.HostConfig.deployDirectory Deploying web application directory /Users/cb-vaibhav/Vai/MyHome/workme/repos/advent/tomcat/webapps/docs
13-Nov-2017 10:05:52.834 INFO [localhost-startStop-1] org.apache.catalina.startup.HostConfig.deployDirectory Deployment of web application directory /Users/cb-vaibhav/Vai/MyHome/workme/repos/advent/tomcat/webapps/docs has finished in 292 ms
13-Nov-2017 10:05:52.834 INFO [localhost-startStop-1] org.apache.catalina.startup.HostConfig.deployDirectory Deploying web application directory /Users/cb-vaibhav/Vai/MyHome/workme/repos/advent/tomcat/webapps/manager
13-Nov-2017 10:05:52.883 INFO [localhost-startStop-1] org.apache.catalina.startup.HostConfig.deployDirectory Deployment of web application directory /Users/cb-vaibhav/Vai/MyHome/workme/repos/advent/tomcat/webapps/manager has finished in 49 ms
13-Nov-2017 10:05:52.884 INFO [localhost-startStop-1] org.apache.catalina.startup.HostConfig.deployDirectory Deploying web application directory /Users/cb-vaibhav/Vai/MyHome/workme/repos/advent/tomcat/webapps/examples
13-Nov-2017 10:05:53.204 INFO [localhost-startStop-1] org.apache.catalina.startup.HostConfig.deployDirectory Deployment of web application directory /Users/cb-vaibhav/Vai/MyHome/workme/repos/advent/tomcat/webapps/examples has finished in 319 ms
13-Nov-2017 10:05:53.204 INFO [localhost-startStop-1] org.apache.catalina.startup.HostConfig.deployDirectory Deploying web application directory /Users/cb-vaibhav/Vai/MyHome/workme/repos/advent/tomcat/webapps/ROOT
13-Nov-2017 10:05:53.222 INFO [localhost-startStop-1] org.apache.catalina.startup.HostConfig.deployDirectory Deployment of web application directory /Users/cb-vaibhav/Vai/MyHome/workme/repos/advent/tomcat/webapps/ROOT has finished in 18 ms
13-Nov-2017 10:05:53.222 INFO [localhost-startStop-1] org.apache.catalina.startup.HostConfig.deployDirectory Deploying web application directory /Users/cb-vaibhav/Vai/MyHome/workme/repos/advent/tomcat/webapps/host-manager
13-Nov-2017 10:05:53.247 INFO [localhost-startStop-1] org.apache.catalina.startup.HostConfig.deployDirectory Deployment of web application directory /Users/cb-vaibhav/Vai/MyHome/workme/repos/advent/tomcat/webapps/host-manager has finished in 24 ms
13-Nov-2017 10:05:53.252 INFO [main] org.apache.coyote.AbstractProtocol.start Starting ProtocolHandler ["http-nio-8080"]
13-Nov-2017 10:05:53.259 INFO [main] org.apache.coyote.AbstractProtocol.start Starting ProtocolHandler ["ajp-nio-8009"]
13-Nov-2017 10:05:53.260 INFO [main] org.apache.catalina.startup.Catalina.start Server startup in 751 ms
13-Nov-2017 10:06:22.545 INFO [main] org.apache.catalina.core.StandardServer.await A valid shutdown command was received via the shutdown port. Stopping the Server instance.
13-Nov-2017 10:06:22.545 INFO [main] org.apache.coyote.AbstractProtocol.pause Pausing ProtocolHandler ["http-nio-8080"]
13-Nov-2017 10:06:22.604 INFO [main] org.apache.coyote.AbstractProtocol.pause Pausing ProtocolHandler ["ajp-nio-8009"]
13-Nov-2017 10:06:22.660 INFO [main] org.apache.catalina.core.StandardService.stopInternal Stopping service Catalina
13-Nov-2017 10:06:22.692 INFO [main] org.apache.coyote.AbstractProtocol.stop Stopping ProtocolHandler ["http-nio-8080"]
13-Nov-2017 10:06:22.696 INFO [main] org.apache.coyote.AbstractProtocol.stop Stopping ProtocolHandler ["ajp-nio-8009"]
13-Nov-2017 10:06:22.697 INFO [main] org.apache.coyote.AbstractProtocol.destroy Destroying ProtocolHandler ["http-nio-8080"]
13-Nov-2017 10:06:22.698 INFO [main] org.apache.coyote.AbstractProtocol.destroy Destroying ProtocolHandler ["ajp-nio-8009"]
